android/app/build/intermediates/manifest_merge_blame_file/debug/manifest-merger-blame-debug-report.txt
1<?xml version="1.0" encoding="utf-8"?>
2<manifest xmlns:android="http://schemas.android.com/apk/res/android"
3    package="com.track"
4    android:versionCode="1"
5    android:versionName="1.0" >
6
7    <uses-sdk
8        android:minSdkVersion="21"
9        android:targetSdkVersion="31" />
10
11    <uses-permission android:name="android.permission.SYSTEM_ALERT_WINDOW" />
11-->src\debug\AndroidManifest.xml:5:5-77
11-->src\debug\AndroidManifest.xml:5:22-75
12    <uses-permission android:name="android.permission.INTERNET" />
12-->src\main\AndroidManifest.xml:4:5-67
12-->src\main\AndroidManifest.xml:4:22-64
13    <uses-permission android:name="android.permission.ACCESS_FINE_LOCATION" />
13-->src\main\AndroidManifest.xml:5:5-79
13-->src\main\AndroidManifest.xml:5:22-76
14    <uses-permission android:name="android.permission.ACCESS_COARSE_LOCATION" />
14-->src\main\AndroidManifest.xml:6:5-80
14-->src\main\AndroidManifest.xml:6:22-78
15    <uses-permission android:name="android.permission.ACCESS_WIFI_STATE" />
15-->[com.facebook.flipper:flipper:0.125.0] AndroidManifest.xml:16:5-76
15-->[com.facebook.flipper:flipper:0.125.0] AndroidManifest.xml:16:22-73
16
17    <queries>
17-->[:react-native-image-crop-picker] AndroidManifest.xml:9:5-13:15
18        <intent>
18-->[:react-native-image-crop-picker] AndroidManifest.xml:10:9-12:18
19            <action android:name="android.media.action.IMAGE_CAPTURE" />
19-->[:react-native-image-crop-picker] AndroidManifest.xml:11:13-73
19-->[:react-native-image-crop-picker] AndroidManifest.xml:11:21-70
20        </intent>
21        <!-- Needs to be explicitly declared on Android R+ -->
22        <package android:name="com.google.android.apps.maps" />
22-->[com.google.android.gms:play-services-maps:18.0.2] AndroidManifest.xml:33:9-64
22-->[com.google.android.gms:play-services-maps:18.0.2] AndroidManifest.xml:33:18-61
23    </queries>
24
25    <uses-permission android:name="android.permission.WRITE_EXTERNAL_STORAGE" />
25-->[:react-native-image-crop-picker] AndroidManifest.xml:15:5-81
25-->[:react-native-image-crop-picker] AndroidManifest.xml:15:22-78
26    <uses-permission android:name="android.permission.WAKE_LOCK" />
26-->[androidx.work:work-runtime:2.7.1] AndroidManifest.xml:25:5-68
26-->[androidx.work:work-runtime:2.7.1] AndroidManifest.xml:25:22-65
27    <uses-permission android:name="android.permission.ACCESS_NETWORK_STATE" />
27-->[androidx.work:work-runtime:2.7.1] AndroidManifest.xml:26:5-79
27-->[androidx.work:work-runtime:2.7.1] AndroidManifest.xml:26:22-76
28    <uses-permission android:name="android.permission.RECEIVE_BOOT_COMPLETED" />
28-->[androidx.work:work-runtime:2.7.1] AndroidManifest.xml:27:5-81
28-->[androidx.work:work-runtime:2.7.1] AndroidManifest.xml:27:22-78
29    <uses-permission android:name="android.permission.FOREGROUND_SERVICE" />
29-->[androidx.work:work-runtime:2.7.1] AndroidManifest.xml:28:5-77
29-->[androidx.work:work-runtime:2.7.1] AndroidManifest.xml:28:22-74
30
31    <uses-feature
31-->[com.google.android.gms:play-services-maps:18.0.2] AndroidManifest.xml:26:5-28:35
32        android:glEsVersion="0x00020000"
32-->[com.google.android.gms:play-services-maps:18.0.2] AndroidManifest.xml:27:9-41
33        android:required="true" />
33-->[com.google.android.gms:play-services-maps:18.0.2] AndroidManifest.xml:28:9-32
34
35    <application
35-->src\main\AndroidManifest.xml:8:5-30:19
36        android:name="com.track.MainApplication"
36-->src\main\AndroidManifest.xml:9:7-38
37        android:allowBackup="false"
37-->src\main\AndroidManifest.xml:13:7-34
38        android:appComponentFactory="androidx.core.app.CoreComponentFactory"
38-->[androidx.core:core:1.7.0] AndroidManifest.xml:24:18-86
39        android:debuggable="true"
40        android:icon="@mipmap/ic_launcher"
40-->src\main\AndroidManifest.xml:11:7-41
41        android:label="@string/app_name"
41-->src\main\AndroidManifest.xml:10:7-39
42        android:roundIcon="@mipmap/ic_launcher_round"
42-->src\main\AndroidManifest.xml:12:7-52
43        android:theme="@style/AppTheme"
43-->src\main\AndroidManifest.xml:14:7-38
44        android:usesCleartextTraffic="true" >
44-->src\debug\AndroidManifest.xml:8:9-44
45        <activity
45-->src\debug\AndroidManifest.xml:11:9-111
46            android:name="com.facebook.react.devsupport.DevSettingsActivity"
46-->src\debug\AndroidManifest.xml:11:19-83
47            android:exported="false" />
47-->src\debug\AndroidManifest.xml:11:84-108
48        <activity
48-->src\main\AndroidManifest.xml:15:7-26:18
49            android:name="com.track.MainActivity"
49-->src\main\AndroidManifest.xml:16:9-37
50            android:configChanges="keyboard|keyboardHidden|orientation|screenLayout|screenSize|smallestScreenSize|uiMode"
50-->src\main\AndroidManifest.xml:18:9-118
51            android:exported="true"
51-->src\main\AndroidManifest.xml:21:9-32
52            android:label="@string/app_name"
52-->src\main\AndroidManifest.xml:17:9-41
53            android:launchMode="singleTask"
53-->src\main\AndroidManifest.xml:19:9-40
54            android:windowSoftInputMode="adjustResize" >
54-->src\main\AndroidManifest.xml:20:9-51
55            <intent-filter>
55-->src\main\AndroidManifest.xml:22:9-25:25
56                <action android:name="android.intent.action.MAIN" />
56-->src\main\AndroidManifest.xml:23:13-65
56-->src\main\AndroidManifest.xml:23:21-62
57
58                <category android:name="android.intent.category.LAUNCHER" />
58-->src\main\AndroidManifest.xml:24:13-73
58-->src\main\AndroidManifest.xml:24:23-70
59            </intent-filter>
60        </activity>
61
62        <meta-data
62-->src\main\AndroidManifest.xml:27:8-29:63
63            android:name="com.google.android.geo.API_KEY"
63-->src\main\AndroidManifest.xml:28:6-51
64            android:value="AIzaSyCyyKjrRunWsuHoJOGgcMdjYCxT89wZXs4" />
64-->src\main\AndroidManifest.xml:29:6-61
65
66        <provider
66-->[:react-native-image-crop-picker] AndroidManifest.xml:18:9-26:20
67            android:name="com.reactnative.ivpusic.imagepicker.IvpusicImagePickerFileProvider"
67-->[:react-native-image-crop-picker] AndroidManifest.xml:19:13-94
68            android:authorities="com.track.provider"
68-->[:react-native-image-crop-picker] AndroidManifest.xml:20:13-60
69            android:exported="false"
69-->[:react-native-image-crop-picker] AndroidManifest.xml:21:13-37
70            android:grantUriPermissions="true" >
70-->[:react-native-image-crop-picker] AndroidManifest.xml:22:13-47
71            <meta-data
71-->[:react-native-image-crop-picker] AndroidManifest.xml:23:13-25:78
72                android:name="android.support.FILE_PROVIDER_PATHS"
72-->[:react-native-image-crop-picker] AndroidManifest.xml:24:17-67
73                android:resource="@xml/ivpusic_imagepicker_provider_paths" />
73-->[:react-native-image-crop-picker] AndroidManifest.xml:25:17-75
74        </provider>
75
76        <activity
76-->[:react-native-image-crop-picker] AndroidManifest.xml:28:9-30:72
77            android:name="com.yalantis.ucrop.UCropActivity"
77-->[:react-native-image-crop-picker] AndroidManifest.xml:29:13-60
78            android:theme="@style/Theme.AppCompat.Light.NoActionBar" />
78-->[:react-native-image-crop-picker] AndroidManifest.xml:30:13-69
79
80        <provider
80-->[:react-native-image-picker] AndroidManifest.xml:10:9-18:20
81            android:name="com.imagepicker.ImagePickerProvider"
81-->[:react-native-image-picker] AndroidManifest.xml:11:13-63
82            android:authorities="com.track.imagepickerprovider"
82-->[:react-native-image-picker] AndroidManifest.xml:12:13-71
83            android:exported="false"
83-->[:react-native-image-picker] AndroidManifest.xml:13:13-37
84            android:grantUriPermissions="true" >
84-->[:react-native-image-picker] AndroidManifest.xml:14:13-47
85            <meta-data
85-->[:react-native-image-crop-picker] AndroidManifest.xml:23:13-25:78
86                android:name="android.support.FILE_PROVIDER_PATHS"
86-->[:react-native-image-crop-picker] AndroidManifest.xml:24:17-67
87                android:resource="@xml/imagepicker_provider_paths" />
87-->[:react-native-image-crop-picker] AndroidManifest.xml:25:17-75
88        </provider>
89        <provider
89-->[androidx.work:work-runtime:2.7.1] AndroidManifest.xml:31:9-39:20
90            android:name="androidx.startup.InitializationProvider"
90-->[androidx.work:work-runtime:2.7.1] AndroidManifest.xml:32:13-67
91            android:authorities="com.track.androidx-startup"
91-->[androidx.work:work-runtime:2.7.1] AndroidManifest.xml:33:13-68
92            android:exported="false" >
92-->[androidx.work:work-runtime:2.7.1] AndroidManifest.xml:34:13-37
93            <meta-data
93-->[androidx.work:work-runtime:2.7.1] AndroidManifest.xml:36:13-38:52
94                android:name="androidx.work.WorkManagerInitializer"
94-->[androidx.work:work-runtime:2.7.1] AndroidManifest.xml:37:17-68
95                android:value="androidx.startup" />
95-->[androidx.work:work-runtime:2.7.1] AndroidManifest.xml:38:17-49
96            <meta-data
96-->[androidx.emoji2:emoji2:1.0.0] AndroidManifest.xml:31:13-33:52
97                android:name="androidx.emoji2.text.EmojiCompatInitializer"
97-->[androidx.emoji2:emoji2:1.0.0] AndroidManifest.xml:32:17-75
98                android:value="androidx.startup" />
98-->[androidx.emoji2:emoji2:1.0.0] AndroidManifest.xml:33:17-49
99            <meta-data
99-->[androidx.lifecycle:lifecycle-process:2.4.0] AndroidManifest.xml:31:13-33:52
100                android:name="androidx.lifecycle.ProcessLifecycleInitializer"
100-->[androidx.lifecycle:lifecycle-process:2.4.0] AndroidManifest.xml:32:17-78
101                android:value="androidx.startup" />
101-->[androidx.lifecycle:lifecycle-process:2.4.0] AndroidManifest.xml:33:17-49
102        </provider>
103
104        <service
104-->[androidx.work:work-runtime:2.7.1] AndroidManifest.xml:41:9-46:35
105            android:name="androidx.work.impl.background.systemalarm.SystemAlarmService"
105-->[androidx.work:work-runtime:2.7.1] AndroidManifest.xml:42:13-88
106            android:directBootAware="false"
106-->[androidx.work:work-runtime:2.7.1] AndroidManifest.xml:43:13-44
107            android:enabled="@bool/enable_system_alarm_service_default"
107-->[androidx.work:work-runtime:2.7.1] AndroidManifest.xml:44:13-72
108            android:exported="false" />
108-->[androidx.work:work-runtime:2.7.1] AndroidManifest.xml:45:13-37
109        <service
109-->[androidx.work:work-runtime:2.7.1] AndroidManifest.xml:47:9-53:35
110            android:name="androidx.work.impl.background.systemjob.SystemJobService"
110-->[androidx.work:work-runtime:2.7.1] AndroidManifest.xml:48:13-84
111            android:directBootAware="false"
111-->[androidx.work:work-runtime:2.7.1] AndroidManifest.xml:49:13-44
112            android:enabled="@bool/enable_system_job_service_default"
112-->[androidx.work:work-runtime:2.7.1] AndroidManifest.xml:50:13-70
113            android:exported="true"
113-->[androidx.work:work-runtime:2.7.1] AndroidManifest.xml:51:13-36
114            android:permission="android.permission.BIND_JOB_SERVICE" />
114-->[androidx.work:work-runtime:2.7.1] AndroidManifest.xml:52:13-69
115        <service
115-->[androidx.work:work-runtime:2.7.1] AndroidManifest.xml:54:9-59:35
116            android:name="androidx.work.impl.foreground.SystemForegroundService"
116-->[androidx.work:work-runtime:2.7.1] AndroidManifest.xml:55:13-81
117            android:directBootAware="false"
117-->[androidx.work:work-runtime:2.7.1] AndroidManifest.xml:56:13-44
118            android:enabled="@bool/enable_system_foreground_service_default"
118-->[androidx.work:work-runtime:2.7.1] AndroidManifest.xml:57:13-77
119            android:exported="false" />
119-->[androidx.work:work-runtime:2.7.1] AndroidManifest.xml:58:13-37
120
121        <receiver
121-->[androidx.work:work-runtime:2.7.1] AndroidManifest.xml:61:9-66:35
122            android:name="androidx.work.impl.utils.ForceStopRunnable$BroadcastReceiver"
122-->[androidx.work:work-runtime:2.7.1] AndroidManifest.xml:62:13-88
123            android:directBootAware="false"
123-->[androidx.work:work-runtime:2.7.1] AndroidManifest.xml:63:13-44
124            android:enabled="true"
124-->[androidx.work:work-runtime:2.7.1] AndroidManifest.xml:64:13-35
125            android:exported="false" />
125-->[androidx.work:work-runtime:2.7.1] AndroidManifest.xml:65:13-37
126        <receiver
126-->[androidx.work:work-runtime:2.7.1] AndroidManifest.xml:67:9-77:20
127            android:name="androidx.work.impl.background.systemalarm.ConstraintProxy$BatteryChargingProxy"
127-->[androidx.work:work-runtime:2.7.1] AndroidManifest.xml:68:13-106
128            android:directBootAware="false"
128-->[androidx.work:work-runtime:2.7.1] AndroidManifest.xml:69:13-44
129            android:enabled="false"
129-->[androidx.work:work-runtime:2.7.1] AndroidManifest.xml:70:13-36
130            android:exported="false" >
130-->[androidx.work:work-runtime:2.7.1] AndroidManifest.xml:71:13-37
131            <intent-filter>
131-->[androidx.work:work-runtime:2.7.1] AndroidManifest.xml:73:13-76:29
132                <action android:name="android.intent.action.ACTION_POWER_CONNECTED" />
132-->[androidx.work:work-runtime:2.7.1] AndroidManifest.xml:74:17-87
132-->[androidx.work:work-runtime:2.7.1] AndroidManifest.xml:74:25-84
133                <action android:name="android.intent.action.ACTION_POWER_DISCONNECTED" />
133-->[androidx.work:work-runtime:2.7.1] AndroidManifest.xml:75:17-90
133-->[androidx.work:work-runtime:2.7.1] AndroidManifest.xml:75:25-87
134            </intent-filter>
135        </receiver>
136        <receiver
136-->[androidx.work:work-runtime:2.7.1] AndroidManifest.xml:78:9-88:20
137            android:name="androidx.work.impl.background.systemalarm.ConstraintProxy$BatteryNotLowProxy"
137-->[androidx.work:work-runtime:2.7.1] AndroidManifest.xml:79:13-104
138            android:directBootAware="false"
138-->[androidx.work:work-runtime:2.7.1] AndroidManifest.xml:80:13-44
139            android:enabled="false"
139-->[androidx.work:work-runtime:2.7.1] AndroidManifest.xml:81:13-36
140            android:exported="false" >
140-->[androidx.work:work-runtime:2.7.1] AndroidManifest.xml:82:13-37
141            <intent-filter>
141-->[androidx.work:work-runtime:2.7.1] AndroidManifest.xml:84:13-87:29
142                <action android:name="android.intent.action.BATTERY_OKAY" />
142-->[androidx.work:work-runtime:2.7.1] AndroidManifest.xml:85:17-77
142-->[androidx.work:work-runtime:2.7.1] AndroidManifest.xml:85:25-74
143                <action android:name="android.intent.action.BATTERY_LOW" />
143-->[androidx.work:work-runtime:2.7.1] AndroidManifest.xml:86:17-76
143-->[androidx.work:work-runtime:2.7.1] AndroidManifest.xml:86:25-73
144            </intent-filter>
145        </receiver>
146        <receiver
146-->[androidx.work:work-runtime:2.7.1] AndroidManifest.xml:89:9-99:20
147            android:name="androidx.work.impl.background.systemalarm.ConstraintProxy$StorageNotLowProxy"
147-->[androidx.work:work-runtime:2.7.1] AndroidManifest.xml:90:13-104
148            android:directBootAware="false"
148-->[androidx.work:work-runtime:2.7.1] AndroidManifest.xml:91:13-44
149            android:enabled="false"
149-->[androidx.work:work-runtime:2.7.1] AndroidManifest.xml:92:13-36
150            android:exported="false" >
150-->[androidx.work:work-runtime:2.7.1] AndroidManifest.xml:93:13-37
151            <intent-filter>
151-->[androidx.work:work-runtime:2.7.1] AndroidManifest.xml:95:13-98:29
152                <action android:name="android.intent.action.DEVICE_STORAGE_LOW" />
152-->[androidx.work:work-runtime:2.7.1] AndroidManifest.xml:96:17-83
152-->[androidx.work:work-runtime:2.7.1] AndroidManifest.xml:96:25-80
153                <action android:name="android.intent.action.DEVICE_STORAGE_OK" />
153-->[androidx.work:work-runtime:2.7.1] AndroidManifest.xml:97:17-82
153-->[androidx.work:work-runtime:2.7.1] AndroidManifest.xml:97:25-79
154            </intent-filter>
155        </receiver>
156        <receiver
156-->[androidx.work:work-runtime:2.7.1] AndroidManifest.xml:100:9-109:20
157            android:name="androidx.work.impl.background.systemalarm.ConstraintProxy$NetworkStateProxy"
157-->[androidx.work:work-runtime:2.7.1] AndroidManifest.xml:101:13-103
158            android:directBootAware="false"
158-->[androidx.work:work-runtime:2.7.1] AndroidManifest.xml:102:13-44
159            android:enabled="false"
159-->[androidx.work:work-runtime:2.7.1] AndroidManifest.xml:103:13-36
160            android:exported="false" >
160-->[androidx.work:work-runtime:2.7.1] AndroidManifest.xml:104:13-37
161            <intent-filter>
161-->[androidx.work:work-runtime:2.7.1] AndroidManifest.xml:106:13-108:29
162                <action android:name="android.net.conn.CONNECTIVITY_CHANGE" />
162-->[androidx.work:work-runtime:2.7.1] AndroidManifest.xml:107:17-79
162-->[androidx.work:work-runtime:2.7.1] AndroidManifest.xml:107:25-76
163            </intent-filter>
164        </receiver>
165        <receiver
165-->[androidx.work:work-runtime:2.7.1] AndroidManifest.xml:110:9-121:20
166            android:name="androidx.work.impl.background.systemalarm.RescheduleReceiver"
166-->[androidx.work:work-runtime:2.7.1] AndroidManifest.xml:111:13-88
167            android:directBootAware="false"
167-->[androidx.work:work-runtime:2.7.1] AndroidManifest.xml:112:13-44
168            android:enabled="false"
168-->[androidx.work:work-runtime:2.7.1] AndroidManifest.xml:113:13-36
169            android:exported="false" >
169-->[androidx.work:work-runtime:2.7.1] AndroidManifest.xml:114:13-37
170            <intent-filter>
170-->[androidx.work:work-runtime:2.7.1] AndroidManifest.xml:116:13-120:29
171                <action android:name="android.intent.action.BOOT_COMPLETED" />
171-->[androidx.work:work-runtime:2.7.1] AndroidManifest.xml:117:17-79
171-->[androidx.work:work-runtime:2.7.1] AndroidManifest.xml:117:25-76
172                <action android:name="android.intent.action.TIME_SET" />
172-->[androidx.work:work-runtime:2.7.1] AndroidManifest.xml:118:17-73
172-->[androidx.work:work-runtime:2.7.1] AndroidManifest.xml:118:25-70
173                <action android:name="android.intent.action.TIMEZONE_CHANGED" />
173-->[androidx.work:work-runtime:2.7.1] AndroidManifest.xml:119:17-81
173-->[androidx.work:work-runtime:2.7.1] AndroidManifest.xml:119:25-78
174            </intent-filter>
175        </receiver>
176        <receiver
176-->[androidx.work:work-runtime:2.7.1] AndroidManifest.xml:122:9-131:20
177            android:name="androidx.work.impl.background.systemalarm.ConstraintProxyUpdateReceiver"
177-->[androidx.work:work-runtime:2.7.1] AndroidManifest.xml:123:13-99
178            android:directBootAware="false"
178-->[androidx.work:work-runtime:2.7.1] AndroidManifest.xml:124:13-44
179            android:enabled="@bool/enable_system_alarm_service_default"
179-->[androidx.work:work-runtime:2.7.1] AndroidManifest.xml:125:13-72
180            android:exported="false" >
180-->[androidx.work:work-runtime:2.7.1] AndroidManifest.xml:126:13-37
181            <intent-filter>
181-->[androidx.work:work-runtime:2.7.1] AndroidManifest.xml:128:13-130:29
182                <action android:name="androidx.work.impl.background.systemalarm.UpdateProxies" />
182-->[androidx.work:work-runtime:2.7.1] AndroidManifest.xml:129:17-98
182-->[androidx.work:work-runtime:2.7.1] AndroidManifest.xml:129:25-95
183            </intent-filter>
184        </receiver>
185        <receiver
185-->[androidx.work:work-runtime:2.7.1] AndroidManifest.xml:132:9-142:20
186            android:name="androidx.work.impl.diagnostics.DiagnosticsReceiver"
186-->[androidx.work:work-runtime:2.7.1] AndroidManifest.xml:133:13-78
187            android:directBootAware="false"
187-->[androidx.work:work-runtime:2.7.1] AndroidManifest.xml:134:13-44
188            android:enabled="true"
188-->[androidx.work:work-runtime:2.7.1] AndroidManifest.xml:135:13-35
189            android:exported="true"
189-->[androidx.work:work-runtime:2.7.1] AndroidManifest.xml:136:13-36
190            android:permission="android.permission.DUMP" >
190-->[androidx.work:work-runtime:2.7.1] AndroidManifest.xml:137:13-57
191            <intent-filter>
191-->[androidx.work:work-runtime:2.7.1] AndroidManifest.xml:139:13-141:29
192                <action android:name="androidx.work.diagnostics.REQUEST_DIAGNOSTICS" />
192-->[androidx.work:work-runtime:2.7.1] AndroidManifest.xml:140:17-88
192-->[androidx.work:work-runtime:2.7.1] AndroidManifest.xml:140:25-85
193            </intent-filter>
194        </receiver>
195
196        <service
196-->[androidx.room:room-runtime:2.2.5] AndroidManifest.xml:25:9-28:40
197            android:name="androidx.room.MultiInstanceInvalidationService"
197-->[androidx.room:room-runtime:2.2.5] AndroidManifest.xml:26:13-74
198            android:directBootAware="true"
198-->[androidx.room:room-runtime:2.2.5] AndroidManifest.xml:27:13-43
199            android:exported="false" /> <!-- Needs to be explicitly declared on P+ -->
199-->[androidx.room:room-runtime:2.2.5] AndroidManifest.xml:28:13-37
200        <uses-library
200-->[com.google.android.gms:play-services-maps:18.0.2] AndroidManifest.xml:39:9-41:40
201            android:name="org.apache.http.legacy"
201-->[com.google.android.gms:play-services-maps:18.0.2] AndroidManifest.xml:40:13-50
202            android:required="false" />
202-->[com.google.android.gms:play-services-maps:18.0.2] AndroidManifest.xml:41:13-37
203
204        <activity
204-->[com.google.android.gms:play-services-base:18.1.0] AndroidManifest.xml:20:9-22:45
205            android:name="com.google.android.gms.common.api.GoogleApiActivity"
205-->[com.google.android.gms:play-services-base:18.1.0] AndroidManifest.xml:20:19-85
206            android:exported="false"
206-->[com.google.android.gms:play-services-base:18.1.0] AndroidManifest.xml:22:19-43
207            android:theme="@android:style/Theme.Translucent.NoTitleBar" />
207-->[com.google.android.gms:play-services-base:18.1.0] AndroidManifest.xml:21:19-78
208
209        <meta-data
209-->[com.google.maps.android:android-maps-utils:0.5] AndroidManifest.xml:8:9-10:69
210            android:name="com.google.android.gms.version"
210-->[com.google.maps.android:android-maps-utils:0.5] AndroidManifest.xml:9:13-58
211            android:value="@integer/google_play_services_version" />
211-->[com.google.maps.android:android-maps-utils:0.5] AndroidManifest.xml:10:13-66
212    </application>
213
214</manifest>